<?xml version="1.0" encoding="UTF-8"?>
<!-- Generated by org.testng.reporters.JUnitReportReporter -->
<testsuite skipped="0" hostname="RUMAs-MacBook-Pro.local" name="tests.TestAboutUs" tests="1" failures="0" timestamp="9 Feb 2017 21:00:38 GMT" time="1.614" errors="0">
  <testcase name="testAboutUsLinkPage" time="1.614" classname="tests.TestAboutUs"/>
</testsuite> <!-- tests.TestAboutUs -->
